<?xml version="1.0" encoding="UTF-8"?>
<testsuite xmlns:xsi="http://www.w3.org/2001/XMLSchema-instance" xsi:noNamespaceSchemaLocation="https://maven.apache.org/surefire/maven-surefire-plugin/xsd/surefire-test-report.xsd" name="sg.flooringmastery.service.FlooringMasteryServiceFileImplTest" time="0.35" tests="12" errors="0" skipped="0" failures="0">
  <properties>
[...]
</properties>
  <testcase name="testDeleteOrder" classname="sg.flooringmastery.service.FlooringMasteryServiceFileImplTest" time="0.185"/>
  <testcase name="testEditOrder" classname="sg.flooringmastery.service.FlooringMasteryServiceFileImplTest" time="0.022"/>
  <testcase name="testGetProductObjectFromListWithString" classname="sg.flooringmastery.service.FlooringMasteryServiceFileImplTest" time="0.017"/>
  <testcase name="testValidateStateWithStringListFalse" classname="sg.flooringmastery.service.FlooringMasteryServiceFileImplTest" time="0.018"/>
  <testcase name="testValidateProduct" classname="sg.flooringmastery.service.FlooringMasteryServiceFileImplTest" time="0.015"/>
  <testcase name="testGetTaxesObjectFromListWithString" classname="sg.flooringmastery.service.FlooringMasteryServiceFileImplTest" time="0.014"/>
  <testcase name="testDisplayOrders" classname="sg.flooringmastery.service.FlooringMasteryServiceFileImplTest" time="0.013"/>
  <testcase name="testValidateStateWithStringListTrue" classname="sg.flooringmastery.service.FlooringMasteryServiceFileImplTest" time="0.012"/>
  <testcase name="testConvertStringToDate" classname="sg.flooringmastery.service.FlooringMasteryServiceFileImplTest" time="0.013"/>
  <testcase name="testOrderDateFutureCheckPass" classname="sg.flooringmastery.service.FlooringMasteryServiceFileImplTest" time="0.012"/>
  <testcase name="testConvertDateToString" classname="sg.flooringmastery.service.FlooringMasteryServiceFileImplTest" time="0.01"/>
  <testcase name="testValidateName" classname="sg.flooringmastery.service.FlooringMasteryServiceFileImplTest" time="0.011"/>
</testsuite>